0 info it worked if it ends with ok
1 verbose cli [ '/usr/local/bin/iojs',
1 verbose cli   '/usr/local/bin/npm',
1 verbose cli   '--proxy',
1 verbose cli   'http://barnaj:fl@mang0@usproxy.es.oneadp.com:8080',
1 verbose cli   'install',
1 verbose cli   '--save',
1 verbose cli   'walk' ]
2 info using npm@2.11.0
3 info using node@v2.2.1
4 verbose install initial load of /Users/barnaj/Desktop/my-explorer/package.json
5 verbose stack Error: Invalid version: "0.1"
5 verbose stack     at Object.module.exports.fixVersionField (/usr/local/lib/node_modules/npm/node_modules/normalize-package-data/lib/fixer.js:185:13)
5 verbose stack     at /usr/local/lib/node_modules/npm/node_modules/normalize-package-data/lib/normalize.js:32:38
5 verbose stack     at Array.forEach (native)
5 verbose stack     at normalize (/usr/local/lib/node_modules/npm/node_modules/normalize-package-data/lib/normalize.js:31:15)
5 verbose stack     at final (/usr/local/lib/node_modules/npm/node_modules/read-package-json/read-json.js:338:5)
5 verbose stack     at then (/usr/local/lib/node_modules/npm/node_modules/read-package-json/read-json.js:113:5)
5 verbose stack     at /usr/local/lib/node_modules/npm/node_modules/read-package-json/read-json.js:300:12
5 verbose stack     at FSReqWrap.readFileAfterClose [as oncomplete] (evalmachine.<anonymous>:382:3)
6 verbose cwd /Users/barnaj/Desktop/my-explorer
7 error Darwin 13.4.0
8 error argv "/usr/local/bin/iojs" "/usr/local/bin/npm" "--proxy" "http://barnaj:fl@mang0@usproxy.es.oneadp.com:8080" "install" "--save" "walk"
9 error node v2.2.1
10 error npm  v2.11.0
11 error Invalid version: "0.1"
12 error If you need help, you may report this error at:
12 error     <https://github.com/npm/npm/issues>
13 verbose exit [ 1, true ]
